[19-Aug-2020 14:06:23 UTC] PHP Fatal error:  Uncaught UnexpectedValueException: The stream or file "/var/www/html/api/storage/logs/lumen-2020-08-19.log" could not be opened in append mode: failed to open stream: Permission denied in /var/www/html/api/vendor/monolog/monolog/src/Monolog/Handler/StreamHandler.php:111
Stack trace:
#0 /var/www/html/api/vendor/monolog/monolog/src/Monolog/Handler/RotatingFileHandler.php(121): Monolog\Handler\StreamHandler->write(Array)
#1 /var/www/html/api/vendor/monolog/monolog/src/Monolog/Handler/AbstractProcessingHandler.php(42): Monolog\Handler\RotatingFileHandler->write(Array)
#2 /var/www/html/api/vendor/monolog/monolog/src/Monolog/Logger.php(325): Monolog\Handler\AbstractProcessingHandler->handle(Array)
#3 /var/www/html/api/vendor/monolog/monolog/src/Monolog/Logger.php(543): Monolog\Logger->addRecord(400, 'UnexpectedValue...', Array)
#4 /var/www/html/api/vendor/illuminate/log/Logger.php(174): Monolog\Logger->error(Object(UnexpectedValueException), Array)
#5 /var/www/html/api/vendor/illuminate/log/Logger.php(87): Illumina in /var/www/html/api/vendor/monolog/monolog/src/Monolog/Handler/StreamHandler.php on line 111
[19-Aug-2020 14:06:23 UTC] PHP Fatal error:  Uncaught UnexpectedValueException: The stream or file "/var/www/html/api/storage/logs/lumen-2020-08-19.log" could not be opened in append mode: failed to open stream: Permission denied in /var/www/html/api/vendor/monolog/monolog/src/Monolog/Handler/StreamHandler.php:111
Stack trace:
#0 /var/www/html/api/vendor/monolog/monolog/src/Monolog/Handler/RotatingFileHandler.php(121): Monolog\Handler\StreamHandler->write(Array)
#1 /var/www/html/api/vendor/monolog/monolog/src/Monolog/Handler/AbstractProcessingHandler.php(42): Monolog\Handler\RotatingFileHandler->write(Array)
#2 /var/www/html/api/vendor/monolog/monolog/src/Monolog/Logger.php(325): Monolog\Handler\AbstractProcessingHandler->handle(Array)
#3 /var/www/html/api/vendor/monolog/monolog/src/Monolog/Logger.php(543): Monolog\Logger->addRecord(400, 'Symfony\\Compone...', Array)
#4 /var/www/html/api/vendor/illuminate/log/Logger.php(174): Monolog\Logger->error(Object(Symfony\Component\ErrorHandler\Error\FatalError), Array)
#5 /var/www/html/api/vendor/illuminate/log/ in /var/www/html/api/vendor/monolog/monolog/src/Monolog/Handler/StreamHandler.php on line 111
[19-Aug-2020 14:06:23 UTC] PHP Fatal error:  Uncaught UnexpectedValueException: The stream or file "/var/www/html/api/storage/logs/lumen-2020-08-19.log" could not be opened in append mode: failed to open stream: Permission denied in /var/www/html/api/vendor/monolog/monolog/src/Monolog/Handler/StreamHandler.php:111
Stack trace:
#0 /var/www/html/api/vendor/monolog/monolog/src/Monolog/Handler/RotatingFileHandler.php(121): Monolog\Handler\StreamHandler->write(Array)
#1 /var/www/html/api/vendor/monolog/monolog/src/Monolog/Handler/AbstractProcessingHandler.php(42): Monolog\Handler\RotatingFileHandler->write(Array)
#2 /var/www/html/api/vendor/monolog/monolog/src/Monolog/Logger.php(325): Monolog\Handler\AbstractProcessingHandler->handle(Array)
#3 /var/www/html/api/vendor/monolog/monolog/src/Monolog/Logger.php(543): Monolog\Logger->addRecord(400, 'UnexpectedValue...', Array)
#4 /var/www/html/api/vendor/illuminate/log/Logger.php(174): Monolog\Logger->error(Object(UnexpectedValueException), Array)
#5 /var/www/html/api/vendor/illuminate/log/Logger.php(87): Illumina in /var/www/html/api/vendor/monolog/monolog/src/Monolog/Handler/StreamHandler.php on line 111
[19-Aug-2020 14:06:23 UTC] PHP Fatal error:  Uncaught UnexpectedValueException: The stream or file "/var/www/html/api/storage/logs/lumen-2020-08-19.log" could not be opened in append mode: failed to open stream: Permission denied in /var/www/html/api/vendor/monolog/monolog/src/Monolog/Handler/StreamHandler.php:111
Stack trace:
#0 /var/www/html/api/vendor/monolog/monolog/src/Monolog/Handler/RotatingFileHandler.php(121): Monolog\Handler\StreamHandler->write(Array)
#1 /var/www/html/api/vendor/monolog/monolog/src/Monolog/Handler/AbstractProcessingHandler.php(42): Monolog\Handler\RotatingFileHandler->write(Array)
#2 /var/www/html/api/vendor/monolog/monolog/src/Monolog/Logger.php(325): Monolog\Handler\AbstractProcessingHandler->handle(Array)
#3 /var/www/html/api/vendor/monolog/monolog/src/Monolog/Logger.php(543): Monolog\Logger->addRecord(400, 'Symfony\\Compone...', Array)
#4 /var/www/html/api/vendor/illuminate/log/Logger.php(174): Monolog\Logger->error(Object(Symfony\Component\ErrorHandler\Error\FatalError), Array)
#5 /var/www/html/api/vendor/illuminate/log/ in /var/www/html/api/vendor/monolog/monolog/src/Monolog/Handler/StreamHandler.php on line 111
[19-Aug-2020 14:06:23 UTC] PHP Fatal error:  Uncaught UnexpectedValueException: The stream or file "/var/www/html/api/storage/logs/lumen-2020-08-19.log" could not be opened in append mode: failed to open stream: Permission denied in /var/www/html/api/vendor/monolog/monolog/src/Monolog/Handler/StreamHandler.php:111
Stack trace:
#0 /var/www/html/api/vendor/monolog/monolog/src/Monolog/Handler/RotatingFileHandler.php(121): Monolog\Handler\StreamHandler->write(Array)
#1 /var/www/html/api/vendor/monolog/monolog/src/Monolog/Handler/AbstractProcessingHandler.php(42): Monolog\Handler\RotatingFileHandler->write(Array)
#2 /var/www/html/api/vendor/monolog/monolog/src/Monolog/Logger.php(325): Monolog\Handler\AbstractProcessingHandler->handle(Array)
#3 /var/www/html/api/vendor/monolog/monolog/src/Monolog/Logger.php(543): Monolog\Logger->addRecord(400, 'UnexpectedValue...', Array)
#4 /var/www/html/api/vendor/illuminate/log/Logger.php(174): Monolog\Logger->error(Object(UnexpectedValueException), Array)
#5 /var/www/html/api/vendor/illuminate/log/Logger.php(87): Illumina in /var/www/html/api/vendor/monolog/monolog/src/Monolog/Handler/StreamHandler.php on line 111
[19-Aug-2020 14:06:23 UTC] PHP Fatal error:  Uncaught UnexpectedValueException: The stream or file "/var/www/html/api/storage/logs/lumen-2020-08-19.log" could not be opened in append mode: failed to open stream: Permission denied in /var/www/html/api/vendor/monolog/monolog/src/Monolog/Handler/StreamHandler.php:111
Stack trace:
#0 /var/www/html/api/vendor/monolog/monolog/src/Monolog/Handler/RotatingFileHandler.php(121): Monolog\Handler\StreamHandler->write(Array)
#1 /var/www/html/api/vendor/monolog/monolog/src/Monolog/Handler/AbstractProcessingHandler.php(42): Monolog\Handler\RotatingFileHandler->write(Array)
#2 /var/www/html/api/vendor/monolog/monolog/src/Monolog/Logger.php(325): Monolog\Handler\AbstractProcessingHandler->handle(Array)
#3 /var/www/html/api/vendor/monolog/monolog/src/Monolog/Logger.php(543): Monolog\Logger->addRecord(400, 'Symfony\\Compone...', Array)
#4 /var/www/html/api/vendor/illuminate/log/Logger.php(174): Monolog\Logger->error(Object(Symfony\Component\ErrorHandler\Error\FatalError), Array)
#5 /var/www/html/api/vendor/illuminate/log/ in /var/www/html/api/vendor/monolog/monolog/src/Monolog/Handler/StreamHandler.php on line 111
[19-Aug-2020 14:09:19 UTC] PHP Fatal error:  Uncaught UnexpectedValueException: The stream or file "/var/www/html/api/storage/logs/lumen-2020-08-19.log" could not be opened in append mode: failed to open stream: Permission denied in /var/www/html/api/vendor/monolog/monolog/src/Monolog/Handler/StreamHandler.php:111
Stack trace:
#0 /var/www/html/api/vendor/monolog/monolog/src/Monolog/Handler/RotatingFileHandler.php(121): Monolog\Handler\StreamHandler->write(Array)
#1 /var/www/html/api/vendor/monolog/monolog/src/Monolog/Handler/AbstractProcessingHandler.php(42): Monolog\Handler\RotatingFileHandler->write(Array)
#2 /var/www/html/api/vendor/monolog/monolog/src/Monolog/Logger.php(325): Monolog\Handler\AbstractProcessingHandler->handle(Array)
#3 /var/www/html/api/vendor/monolog/monolog/src/Monolog/Logger.php(543): Monolog\Logger->addRecord(400, 'UnexpectedValue...', Array)
#4 /var/www/html/api/vendor/illuminate/log/Logger.php(174): Monolog\Logger->error(Object(UnexpectedValueException), Array)
#5 /var/www/html/api/vendor/illuminate/log/Logger.php(87): Illumina in /var/www/html/api/vendor/monolog/monolog/src/Monolog/Handler/StreamHandler.php on line 111
[19-Aug-2020 14:09:19 UTC] PHP Fatal error:  Uncaught UnexpectedValueException: The stream or file "/var/www/html/api/storage/logs/lumen-2020-08-19.log" could not be opened in append mode: failed to open stream: Permission denied in /var/www/html/api/vendor/monolog/monolog/src/Monolog/Handler/StreamHandler.php:111
Stack trace:
#0 /var/www/html/api/vendor/monolog/monolog/src/Monolog/Handler/RotatingFileHandler.php(121): Monolog\Handler\StreamHandler->write(Array)
#1 /var/www/html/api/vendor/monolog/monolog/src/Monolog/Handler/AbstractProcessingHandler.php(42): Monolog\Handler\RotatingFileHandler->write(Array)
#2 /var/www/html/api/vendor/monolog/monolog/src/Monolog/Logger.php(325): Monolog\Handler\AbstractProcessingHandler->handle(Array)
#3 /var/www/html/api/vendor/monolog/monolog/src/Monolog/Logger.php(543): Monolog\Logger->addRecord(400, 'Symfony\\Compone...', Array)
#4 /var/www/html/api/vendor/illuminate/log/Logger.php(174): Monolog\Logger->error(Object(Symfony\Component\ErrorHandler\Error\FatalError), Array)
#5 /var/www/html/api/vendor/illuminate/log/ in /var/www/html/api/vendor/monolog/monolog/src/Monolog/Handler/StreamHandler.php on line 111
[19-Aug-2020 14:09:20 UTC] PHP Fatal error:  Uncaught UnexpectedValueException: The stream or file "/var/www/html/api/storage/logs/lumen-2020-08-19.log" could not be opened in append mode: failed to open stream: Permission denied in /var/www/html/api/vendor/monolog/monolog/src/Monolog/Handler/StreamHandler.php:111
Stack trace:
#0 /var/www/html/api/vendor/monolog/monolog/src/Monolog/Handler/RotatingFileHandler.php(121): Monolog\Handler\StreamHandler->write(Array)
#1 /var/www/html/api/vendor/monolog/monolog/src/Monolog/Handler/AbstractProcessingHandler.php(42): Monolog\Handler\RotatingFileHandler->write(Array)
#2 /var/www/html/api/vendor/monolog/monolog/src/Monolog/Logger.php(325): Monolog\Handler\AbstractProcessingHandler->handle(Array)
#3 /var/www/html/api/vendor/monolog/monolog/src/Monolog/Logger.php(543): Monolog\Logger->addRecord(400, 'UnexpectedValue...', Array)
#4 /var/www/html/api/vendor/illuminate/log/Logger.php(174): Monolog\Logger->error(Object(UnexpectedValueException), Array)
#5 /var/www/html/api/vendor/illuminate/log/Logger.php(87): Illumina in /var/www/html/api/vendor/monolog/monolog/src/Monolog/Handler/StreamHandler.php on line 111
[19-Aug-2020 14:09:20 UTC] PHP Fatal error:  Uncaught UnexpectedValueException: The stream or file "/var/www/html/api/storage/logs/lumen-2020-08-19.log" could not be opened in append mode: failed to open stream: Permission denied in /var/www/html/api/vendor/monolog/monolog/src/Monolog/Handler/StreamHandler.php:111
Stack trace:
#0 /var/www/html/api/vendor/monolog/monolog/src/Monolog/Handler/RotatingFileHandler.php(121): Monolog\Handler\StreamHandler->write(Array)
#1 /var/www/html/api/vendor/monolog/monolog/src/Monolog/Handler/AbstractProcessingHandler.php(42): Monolog\Handler\RotatingFileHandler->write(Array)
#2 /var/www/html/api/vendor/monolog/monolog/src/Monolog/Logger.php(325): Monolog\Handler\AbstractProcessingHandler->handle(Array)
#3 /var/www/html/api/vendor/monolog/monolog/src/Monolog/Logger.php(543): Monolog\Logger->addRecord(400, 'Symfony\\Compone...', Array)
#4 /var/www/html/api/vendor/illuminate/log/Logger.php(174): Monolog\Logger->error(Object(Symfony\Component\ErrorHandler\Error\FatalError), Array)
#5 /var/www/html/api/vendor/illuminate/log/ in /var/www/html/api/vendor/monolog/monolog/src/Monolog/Handler/StreamHandler.php on line 111
[19-Aug-2020 14:09:20 UTC] PHP Fatal error:  Uncaught UnexpectedValueException: The stream or file "/var/www/html/api/storage/logs/lumen-2020-08-19.log" could not be opened in append mode: failed to open stream: Permission denied in /var/www/html/api/vendor/monolog/monolog/src/Monolog/Handler/StreamHandler.php:111
Stack trace:
#0 /var/www/html/api/vendor/monolog/monolog/src/Monolog/Handler/RotatingFileHandler.php(121): Monolog\Handler\StreamHandler->write(Array)
#1 /var/www/html/api/vendor/monolog/monolog/src/Monolog/Handler/AbstractProcessingHandler.php(42): Monolog\Handler\RotatingFileHandler->write(Array)
#2 /var/www/html/api/vendor/monolog/monolog/src/Monolog/Logger.php(325): Monolog\Handler\AbstractProcessingHandler->handle(Array)
#3 /var/www/html/api/vendor/monolog/monolog/src/Monolog/Logger.php(543): Monolog\Logger->addRecord(400, 'UnexpectedValue...', Array)
#4 /var/www/html/api/vendor/illuminate/log/Logger.php(174): Monolog\Logger->error(Object(UnexpectedValueException), Array)
#5 /var/www/html/api/vendor/illuminate/log/Logger.php(87): Illumina in /var/www/html/api/vendor/monolog/monolog/src/Monolog/Handler/StreamHandler.php on line 111
[19-Aug-2020 14:09:20 UTC] PHP Fatal error:  Uncaught UnexpectedValueException: The stream or file "/var/www/html/api/storage/logs/lumen-2020-08-19.log" could not be opened in append mode: failed to open stream: Permission denied in /var/www/html/api/vendor/monolog/monolog/src/Monolog/Handler/StreamHandler.php:111
Stack trace:
#0 /var/www/html/api/vendor/monolog/monolog/src/Monolog/Handler/RotatingFileHandler.php(121): Monolog\Handler\StreamHandler->write(Array)
#1 /var/www/html/api/vendor/monolog/monolog/src/Monolog/Handler/AbstractProcessingHandler.php(42): Monolog\Handler\RotatingFileHandler->write(Array)
#2 /var/www/html/api/vendor/monolog/monolog/src/Monolog/Logger.php(325): Monolog\Handler\AbstractProcessingHandler->handle(Array)
#3 /var/www/html/api/vendor/monolog/monolog/src/Monolog/Logger.php(543): Monolog\Logger->addRecord(400, 'Symfony\\Compone...', Array)
#4 /var/www/html/api/vendor/illuminate/log/Logger.php(174): Monolog\Logger->error(Object(Symfony\Component\ErrorHandler\Error\FatalError), Array)
#5 /var/www/html/api/vendor/illuminate/log/ in /var/www/html/api/vendor/monolog/monolog/src/Monolog/Handler/StreamHandler.php on line 111
[19-Aug-2020 14:09:20 UTC] PHP Fatal error:  Uncaught UnexpectedValueException: The stream or file "/var/www/html/api/storage/logs/lumen-2020-08-19.log" could not be opened in append mode: failed to open stream: Permission denied in /var/www/html/api/vendor/monolog/monolog/src/Monolog/Handler/StreamHandler.php:111
Stack trace:
#0 /var/www/html/api/vendor/monolog/monolog/src/Monolog/Handler/RotatingFileHandler.php(121): Monolog\Handler\StreamHandler->write(Array)
#1 /var/www/html/api/vendor/monolog/monolog/src/Monolog/Handler/AbstractProcessingHandler.php(42): Monolog\Handler\RotatingFileHandler->write(Array)
#2 /var/www/html/api/vendor/monolog/monolog/src/Monolog/Logger.php(325): Monolog\Handler\AbstractProcessingHandler->handle(Array)
#3 /var/www/html/api/vendor/monolog/monolog/src/Monolog/Logger.php(543): Monolog\Logger->addRecord(400, 'UnexpectedValue...', Array)
#4 /var/www/html/api/vendor/illuminate/log/Logger.php(174): Monolog\Logger->error(Object(UnexpectedValueException), Array)
#5 /var/www/html/api/vendor/illuminate/log/Logger.php(87): Illumina in /var/www/html/api/vendor/monolog/monolog/src/Monolog/Handler/StreamHandler.php on line 111
[19-Aug-2020 14:09:20 UTC] PHP Fatal error:  Uncaught UnexpectedValueException: The stream or file "/var/www/html/api/storage/logs/lumen-2020-08-19.log" could not be opened in append mode: failed to open stream: Permission denied in /var/www/html/api/vendor/monolog/monolog/src/Monolog/Handler/StreamHandler.php:111
Stack trace:
#0 /var/www/html/api/vendor/monolog/monolog/src/Monolog/Handler/RotatingFileHandler.php(121): Monolog\Handler\StreamHandler->write(Array)
#1 /var/www/html/api/vendor/monolog/monolog/src/Monolog/Handler/AbstractProcessingHandler.php(42): Monolog\Handler\RotatingFileHandler->write(Array)
#2 /var/www/html/api/vendor/monolog/monolog/src/Monolog/Logger.php(325): Monolog\Handler\AbstractProcessingHandler->handle(Array)
#3 /var/www/html/api/vendor/monolog/monolog/src/Monolog/Logger.php(543): Monolog\Logger->addRecord(400, 'Symfony\\Compone...', Array)
#4 /var/www/html/api/vendor/illuminate/log/Logger.php(174): Monolog\Logger->error(Object(Symfony\Component\ErrorHandler\Error\FatalError), Array)
#5 /var/www/html/api/vendor/illuminate/log/ in /var/www/html/api/vendor/monolog/monolog/src/Monolog/Handler/StreamHandler.php on line 111
[19-Aug-2020 14:09:23 UTC] PHP Fatal error:  Uncaught UnexpectedValueException: The stream or file "/var/www/html/api/storage/logs/lumen-2020-08-19.log" could not be opened in append mode: failed to open stream: Permission denied in /var/www/html/api/vendor/monolog/monolog/src/Monolog/Handler/StreamHandler.php:111
Stack trace:
#0 /var/www/html/api/vendor/monolog/monolog/src/Monolog/Handler/RotatingFileHandler.php(121): Monolog\Handler\StreamHandler->write(Array)
#1 /var/www/html/api/vendor/monolog/monolog/src/Monolog/Handler/AbstractProcessingHandler.php(42): Monolog\Handler\RotatingFileHandler->write(Array)
#2 /var/www/html/api/vendor/monolog/monolog/src/Monolog/Logger.php(325): Monolog\Handler\AbstractProcessingHandler->handle(Array)
#3 /var/www/html/api/vendor/monolog/monolog/src/Monolog/Logger.php(543): Monolog\Logger->addRecord(400, 'UnexpectedValue...', Array)
#4 /var/www/html/api/vendor/illuminate/log/Logger.php(174): Monolog\Logger->error(Object(UnexpectedValueException), Array)
#5 /var/www/html/api/vendor/illuminate/log/Logger.php(87): Illumina in /var/www/html/api/vendor/monolog/monolog/src/Monolog/Handler/StreamHandler.php on line 111
[19-Aug-2020 14:09:23 UTC] PHP Fatal error:  Uncaught UnexpectedValueException: The stream or file "/var/www/html/api/storage/logs/lumen-2020-08-19.log" could not be opened in append mode: failed to open stream: Permission denied in /var/www/html/api/vendor/monolog/monolog/src/Monolog/Handler/StreamHandler.php:111
Stack trace:
#0 /var/www/html/api/vendor/monolog/monolog/src/Monolog/Handler/RotatingFileHandler.php(121): Monolog\Handler\StreamHandler->write(Array)
#1 /var/www/html/api/vendor/monolog/monolog/src/Monolog/Handler/AbstractProcessingHandler.php(42): Monolog\Handler\RotatingFileHandler->write(Array)
#2 /var/www/html/api/vendor/monolog/monolog/src/Monolog/Logger.php(325): Monolog\Handler\AbstractProcessingHandler->handle(Array)
#3 /var/www/html/api/vendor/monolog/monolog/src/Monolog/Logger.php(543): Monolog\Logger->addRecord(400, 'Symfony\\Compone...', Array)
#4 /var/www/html/api/vendor/illuminate/log/Logger.php(174): Monolog\Logger->error(Object(Symfony\Component\ErrorHandler\Error\FatalError), Array)
#5 /var/www/html/api/vendor/illuminate/log/ in /var/www/html/api/vendor/monolog/monolog/src/Monolog/Handler/StreamHandler.php on line 111
[19-Aug-2020 14:10:23 UTC] PHP Fatal error:  Uncaught UnexpectedValueException: The stream or file "/var/www/html/api/storage/logs/lumen-2020-08-19.log" could not be opened in append mode: failed to open stream: Permission denied in /var/www/html/api/vendor/monolog/monolog/src/Monolog/Handler/StreamHandler.php:111
Stack trace:
#0 /var/www/html/api/vendor/monolog/monolog/src/Monolog/Handler/RotatingFileHandler.php(121): Monolog\Handler\StreamHandler->write(Array)
#1 /var/www/html/api/vendor/monolog/monolog/src/Monolog/Handler/AbstractProcessingHandler.php(42): Monolog\Handler\RotatingFileHandler->write(Array)
#2 /var/www/html/api/vendor/monolog/monolog/src/Monolog/Logger.php(325): Monolog\Handler\AbstractProcessingHandler->handle(Array)
#3 /var/www/html/api/vendor/monolog/monolog/src/Monolog/Logger.php(543): Monolog\Logger->addRecord(400, 'UnexpectedValue...', Array)
#4 /var/www/html/api/vendor/illuminate/log/Logger.php(174): Monolog\Logger->error(Object(UnexpectedValueException), Array)
#5 /var/www/html/api/vendor/illuminate/log/Logger.php(87): Illumina in /var/www/html/api/vendor/monolog/monolog/src/Monolog/Handler/StreamHandler.php on line 111
[19-Aug-2020 14:10:23 UTC] PHP Fatal error:  Uncaught UnexpectedValueException: The stream or file "/var/www/html/api/storage/logs/lumen-2020-08-19.log" could not be opened in append mode: failed to open stream: Permission denied in /var/www/html/api/vendor/monolog/monolog/src/Monolog/Handler/StreamHandler.php:111
Stack trace:
#0 /var/www/html/api/vendor/monolog/monolog/src/Monolog/Handler/RotatingFileHandler.php(121): Monolog\Handler\StreamHandler->write(Array)
#1 /var/www/html/api/vendor/monolog/monolog/src/Monolog/Handler/AbstractProcessingHandler.php(42): Monolog\Handler\RotatingFileHandler->write(Array)
#2 /var/www/html/api/vendor/monolog/monolog/src/Monolog/Logger.php(325): Monolog\Handler\AbstractProcessingHandler->handle(Array)
#3 /var/www/html/api/vendor/monolog/monolog/src/Monolog/Logger.php(543): Monolog\Logger->addRecord(400, 'Symfony\\Compone...', Array)
#4 /var/www/html/api/vendor/illuminate/log/Logger.php(174): Monolog\Logger->error(Object(Symfony\Component\ErrorHandler\Error\FatalError), Array)
#5 /var/www/html/api/vendor/illuminate/log/ in /var/www/html/api/vendor/monolog/monolog/src/Monolog/Handler/StreamHandler.php on line 111
[19-Aug-2020 14:10:56 UTC] PHP Fatal error:  Uncaught UnexpectedValueException: The stream or file "/var/www/html/api/storage/logs/lumen-2020-08-19.log" could not be opened in append mode: failed to open stream: Permission denied in /var/www/html/api/vendor/monolog/monolog/src/Monolog/Handler/StreamHandler.php:111
Stack trace:
#0 /var/www/html/api/vendor/monolog/monolog/src/Monolog/Handler/RotatingFileHandler.php(121): Monolog\Handler\StreamHandler->write(Array)
#1 /var/www/html/api/vendor/monolog/monolog/src/Monolog/Handler/AbstractProcessingHandler.php(42): Monolog\Handler\RotatingFileHandler->write(Array)
#2 /var/www/html/api/vendor/monolog/monolog/src/Monolog/Logger.php(325): Monolog\Handler\AbstractProcessingHandler->handle(Array)
#3 /var/www/html/api/vendor/monolog/monolog/src/Monolog/Logger.php(543): Monolog\Logger->addRecord(400, 'UnexpectedValue...', Array)
#4 /var/www/html/api/vendor/illuminate/log/Logger.php(174): Monolog\Logger->error(Object(UnexpectedValueException), Array)
#5 /var/www/html/api/vendor/illuminate/log/Logger.php(87): Illumina in /var/www/html/api/vendor/monolog/monolog/src/Monolog/Handler/StreamHandler.php on line 111
[19-Aug-2020 14:10:56 UTC] PHP Fatal error:  Uncaught UnexpectedValueException: The stream or file "/var/www/html/api/storage/logs/lumen-2020-08-19.log" could not be opened in append mode: failed to open stream: Permission denied in /var/www/html/api/vendor/monolog/monolog/src/Monolog/Handler/StreamHandler.php:111
Stack trace:
#0 /var/www/html/api/vendor/monolog/monolog/src/Monolog/Handler/RotatingFileHandler.php(121): Monolog\Handler\StreamHandler->write(Array)
#1 /var/www/html/api/vendor/monolog/monolog/src/Monolog/Handler/AbstractProcessingHandler.php(42): Monolog\Handler\RotatingFileHandler->write(Array)
#2 /var/www/html/api/vendor/monolog/monolog/src/Monolog/Logger.php(325): Monolog\Handler\AbstractProcessingHandler->handle(Array)
#3 /var/www/html/api/vendor/monolog/monolog/src/Monolog/Logger.php(543): Monolog\Logger->addRecord(400, 'Symfony\\Compone...', Array)
#4 /var/www/html/api/vendor/illuminate/log/Logger.php(174): Monolog\Logger->error(Object(Symfony\Component\ErrorHandler\Error\FatalError), Array)
#5 /var/www/html/api/vendor/illuminate/log/ in /var/www/html/api/vendor/monolog/monolog/src/Monolog/Handler/StreamHandler.php on line 111
[19-Aug-2020 14:10:57 UTC] PHP Fatal error:  Uncaught UnexpectedValueException: The stream or file "/var/www/html/api/storage/logs/lumen-2020-08-19.log" could not be opened in append mode: failed to open stream: Permission denied in /var/www/html/api/vendor/monolog/monolog/src/Monolog/Handler/StreamHandler.php:111
Stack trace:
#0 /var/www/html/api/vendor/monolog/monolog/src/Monolog/Handler/RotatingFileHandler.php(121): Monolog\Handler\StreamHandler->write(Array)
#1 /var/www/html/api/vendor/monolog/monolog/src/Monolog/Handler/AbstractProcessingHandler.php(42): Monolog\Handler\RotatingFileHandler->write(Array)
#2 /var/www/html/api/vendor/monolog/monolog/src/Monolog/Logger.php(325): Monolog\Handler\AbstractProcessingHandler->handle(Array)
#3 /var/www/html/api/vendor/monolog/monolog/src/Monolog/Logger.php(543): Monolog\Logger->addRecord(400, 'UnexpectedValue...', Array)
#4 /var/www/html/api/vendor/illuminate/log/Logger.php(174): Monolog\Logger->error(Object(UnexpectedValueException), Array)
#5 /var/www/html/api/vendor/illuminate/log/Logger.php(87): Illumina in /var/www/html/api/vendor/monolog/monolog/src/Monolog/Handler/StreamHandler.php on line 111
[19-Aug-2020 14:10:57 UTC] PHP Fatal error:  Uncaught UnexpectedValueException: The stream or file "/var/www/html/api/storage/logs/lumen-2020-08-19.log" could not be opened in append mode: failed to open stream: Permission denied in /var/www/html/api/vendor/monolog/monolog/src/Monolog/Handler/StreamHandler.php:111
Stack trace:
#0 /var/www/html/api/vendor/monolog/monolog/src/Monolog/Handler/RotatingFileHandler.php(121): Monolog\Handler\StreamHandler->write(Array)
#1 /var/www/html/api/vendor/monolog/monolog/src/Monolog/Handler/AbstractProcessingHandler.php(42): Monolog\Handler\RotatingFileHandler->write(Array)
#2 /var/www/html/api/vendor/monolog/monolog/src/Monolog/Logger.php(325): Monolog\Handler\AbstractProcessingHandler->handle(Array)
#3 /var/www/html/api/vendor/monolog/monolog/src/Monolog/Logger.php(543): Monolog\Logger->addRecord(400, 'Symfony\\Compone...', Array)
#4 /var/www/html/api/vendor/illuminate/log/Logger.php(174): Monolog\Logger->error(Object(Symfony\Component\ErrorHandler\Error\FatalError), Array)
#5 /var/www/html/api/vendor/illuminate/log/ in /var/www/html/api/vendor/monolog/monolog/src/Monolog/Handler/StreamHandler.php on line 111
[19-Aug-2020 14:10:58 UTC] PHP Fatal error:  Uncaught UnexpectedValueException: The stream or file "/var/www/html/api/storage/logs/lumen-2020-08-19.log" could not be opened in append mode: failed to open stream: Permission denied in /var/www/html/api/vendor/monolog/monolog/src/Monolog/Handler/StreamHandler.php:111
Stack trace:
#0 /var/www/html/api/vendor/monolog/monolog/src/Monolog/Handler/RotatingFileHandler.php(121): Monolog\Handler\StreamHandler->write(Array)
#1 /var/www/html/api/vendor/monolog/monolog/src/Monolog/Handler/AbstractProcessingHandler.php(42): Monolog\Handler\RotatingFileHandler->write(Array)
#2 /var/www/html/api/vendor/monolog/monolog/src/Monolog/Logger.php(325): Monolog\Handler\AbstractProcessingHandler->handle(Array)
#3 /var/www/html/api/vendor/monolog/monolog/src/Monolog/Logger.php(543): Monolog\Logger->addRecord(400, 'UnexpectedValue...', Array)
#4 /var/www/html/api/vendor/illuminate/log/Logger.php(174): Monolog\Logger->error(Object(UnexpectedValueException), Array)
#5 /var/www/html/api/vendor/illuminate/log/Logger.php(87): Illumina in /var/www/html/api/vendor/monolog/monolog/src/Monolog/Handler/StreamHandler.php on line 111
[19-Aug-2020 14:10:58 UTC] PHP Fatal error:  Uncaught UnexpectedValueException: The stream or file "/var/www/html/api/storage/logs/lumen-2020-08-19.log" could not be opened in append mode: failed to open stream: Permission denied in /var/www/html/api/vendor/monolog/monolog/src/Monolog/Handler/StreamHandler.php:111
Stack trace:
#0 /var/www/html/api/vendor/monolog/monolog/src/Monolog/Handler/RotatingFileHandler.php(121): Monolog\Handler\StreamHandler->write(Array)
#1 /var/www/html/api/vendor/monolog/monolog/src/Monolog/Handler/AbstractProcessingHandler.php(42): Monolog\Handler\RotatingFileHandler->write(Array)
#2 /var/www/html/api/vendor/monolog/monolog/src/Monolog/Logger.php(325): Monolog\Handler\AbstractProcessingHandler->handle(Array)
#3 /var/www/html/api/vendor/monolog/monolog/src/Monolog/Logger.php(543): Monolog\Logger->addRecord(400, 'Symfony\\Compone...', Array)
#4 /var/www/html/api/vendor/illuminate/log/Logger.php(174): Monolog\Logger->error(Object(Symfony\Component\ErrorHandler\Error\FatalError), Array)
#5 /var/www/html/api/vendor/illuminate/log/ in /var/www/html/api/vendor/monolog/monolog/src/Monolog/Handler/StreamHandler.php on line 111
[19-Aug-2020 14:10:58 UTC] PHP Fatal error:  Uncaught UnexpectedValueException: The stream or file "/var/www/html/api/storage/logs/lumen-2020-08-19.log" could not be opened in append mode: failed to open stream: Permission denied in /var/www/html/api/vendor/monolog/monolog/src/Monolog/Handler/StreamHandler.php:111
Stack trace:
#0 /var/www/html/api/vendor/monolog/monolog/src/Monolog/Handler/RotatingFileHandler.php(121): Monolog\Handler\StreamHandler->write(Array)
#1 /var/www/html/api/vendor/monolog/monolog/src/Monolog/Handler/AbstractProcessingHandler.php(42): Monolog\Handler\RotatingFileHandler->write(Array)
#2 /var/www/html/api/vendor/monolog/monolog/src/Monolog/Logger.php(325): Monolog\Handler\AbstractProcessingHandler->handle(Array)
#3 /var/www/html/api/vendor/monolog/monolog/src/Monolog/Logger.php(543): Monolog\Logger->addRecord(400, 'UnexpectedValue...', Array)
#4 /var/www/html/api/vendor/illuminate/log/Logger.php(174): Monolog\Logger->error(Object(UnexpectedValueException), Array)
#5 /var/www/html/api/vendor/illuminate/log/Logger.php(87): Illumina in /var/www/html/api/vendor/monolog/monolog/src/Monolog/Handler/StreamHandler.php on line 111
[19-Aug-2020 14:10:58 UTC] PHP Fatal error:  Uncaught UnexpectedValueException: The stream or file "/var/www/html/api/storage/logs/lumen-2020-08-19.log" could not be opened in append mode: failed to open stream: Permission denied in /var/www/html/api/vendor/monolog/monolog/src/Monolog/Handler/StreamHandler.php:111
Stack trace:
#0 /var/www/html/api/vendor/monolog/monolog/src/Monolog/Handler/RotatingFileHandler.php(121): Monolog\Handler\StreamHandler->write(Array)
#1 /var/www/html/api/vendor/monolog/monolog/src/Monolog/Handler/AbstractProcessingHandler.php(42): Monolog\Handler\RotatingFileHandler->write(Array)
#2 /var/www/html/api/vendor/monolog/monolog/src/Monolog/Logger.php(325): Monolog\Handler\AbstractProcessingHandler->handle(Array)
#3 /var/www/html/api/vendor/monolog/monolog/src/Monolog/Logger.php(543): Monolog\Logger->addRecord(400, 'Symfony\\Compone...', Array)
#4 /var/www/html/api/vendor/illuminate/log/Logger.php(174): Monolog\Logger->error(Object(Symfony\Component\ErrorHandler\Error\FatalError), Array)
#5 /var/www/html/api/vendor/illuminate/log/ in /var/www/html/api/vendor/monolog/monolog/src/Monolog/Handler/StreamHandler.php on line 111
[19-Aug-2020 14:10:58 UTC] PHP Fatal error:  Uncaught UnexpectedValueException: The stream or file "/var/www/html/api/storage/logs/lumen-2020-08-19.log" could not be opened in append mode: failed to open stream: Permission denied in /var/www/html/api/vendor/monolog/monolog/src/Monolog/Handler/StreamHandler.php:111
Stack trace:
#0 /var/www/html/api/vendor/monolog/monolog/src/Monolog/Handler/RotatingFileHandler.php(121): Monolog\Handler\StreamHandler->write(Array)
#1 /var/www/html/api/vendor/monolog/monolog/src/Monolog/Handler/AbstractProcessingHandler.php(42): Monolog\Handler\RotatingFileHandler->write(Array)
#2 /var/www/html/api/vendor/monolog/monolog/src/Monolog/Logger.php(325): Monolog\Handler\AbstractProcessingHandler->handle(Array)
#3 /var/www/html/api/vendor/monolog/monolog/src/Monolog/Logger.php(543): Monolog\Logger->addRecord(400, 'UnexpectedValue...', Array)
#4 /var/www/html/api/vendor/illuminate/log/Logger.php(174): Monolog\Logger->error(Object(UnexpectedValueException), Array)
#5 /var/www/html/api/vendor/illuminate/log/Logger.php(87): Illumina in /var/www/html/api/vendor/monolog/monolog/src/Monolog/Handler/StreamHandler.php on line 111
[19-Aug-2020 14:10:58 UTC] PHP Fatal error:  Uncaught UnexpectedValueException: The stream or file "/var/www/html/api/storage/logs/lumen-2020-08-19.log" could not be opened in append mode: failed to open stream: Permission denied in /var/www/html/api/vendor/monolog/monolog/src/Monolog/Handler/StreamHandler.php:111
Stack trace:
#0 /var/www/html/api/vendor/monolog/monolog/src/Monolog/Handler/RotatingFileHandler.php(121): Monolog\Handler\StreamHandler->write(Array)
#1 /var/www/html/api/vendor/monolog/monolog/src/Monolog/Handler/AbstractProcessingHandler.php(42): Monolog\Handler\RotatingFileHandler->write(Array)
#2 /var/www/html/api/vendor/monolog/monolog/src/Monolog/Logger.php(325): Monolog\Handler\AbstractProcessingHandler->handle(Array)
#3 /var/www/html/api/vendor/monolog/monolog/src/Monolog/Logger.php(543): Monolog\Logger->addRecord(400, 'Symfony\\Compone...', Array)
#4 /var/www/html/api/vendor/illuminate/log/Logger.php(174): Monolog\Logger->error(Object(Symfony\Component\ErrorHandler\Error\FatalError), Array)
#5 /var/www/html/api/vendor/illuminate/log/ in /var/www/html/api/vendor/monolog/monolog/src/Monolog/Handler/StreamHandler.php on line 111
[19-Aug-2020 14:10:58 UTC] PHP Fatal error:  Uncaught UnexpectedValueException: The stream or file "/var/www/html/api/storage/logs/lumen-2020-08-19.log" could not be opened in append mode: failed to open stream: Permission denied in /var/www/html/api/vendor/monolog/monolog/src/Monolog/Handler/StreamHandler.php:111
Stack trace:
#0 /var/www/html/api/vendor/monolog/monolog/src/Monolog/Handler/RotatingFileHandler.php(121): Monolog\Handler\StreamHandler->write(Array)
#1 /var/www/html/api/vendor/monolog/monolog/src/Monolog/Handler/AbstractProcessingHandler.php(42): Monolog\Handler\RotatingFileHandler->write(Array)
#2 /var/www/html/api/vendor/monolog/monolog/src/Monolog/Logger.php(325): Monolog\Handler\AbstractProcessingHandler->handle(Array)
#3 /var/www/html/api/vendor/monolog/monolog/src/Monolog/Logger.php(543): Monolog\Logger->addRecord(400, 'UnexpectedValue...', Array)
#4 /var/www/html/api/vendor/illuminate/log/Logger.php(174): Monolog\Logger->error(Object(UnexpectedValueException), Array)
#5 /var/www/html/api/vendor/illuminate/log/Logger.php(87): Illumina in /var/www/html/api/vendor/monolog/monolog/src/Monolog/Handler/StreamHandler.php on line 111
[19-Aug-2020 14:10:58 UTC] PHP Fatal error:  Uncaught UnexpectedValueException: The stream or file "/var/www/html/api/storage/logs/lumen-2020-08-19.log" could not be opened in append mode: failed to open stream: Permission denied in /var/www/html/api/vendor/monolog/monolog/src/Monolog/Handler/StreamHandler.php:111
Stack trace:
#0 /var/www/html/api/vendor/monolog/monolog/src/Monolog/Handler/RotatingFileHandler.php(121): Monolog\Handler\StreamHandler->write(Array)
#1 /var/www/html/api/vendor/monolog/monolog/src/Monolog/Handler/AbstractProcessingHandler.php(42): Monolog\Handler\RotatingFileHandler->write(Array)
#2 /var/www/html/api/vendor/monolog/monolog/src/Monolog/Logger.php(325): Monolog\Handler\AbstractProcessingHandler->handle(Array)
#3 /var/www/html/api/vendor/monolog/monolog/src/Monolog/Logger.php(543): Monolog\Logger->addRecord(400, 'Symfony\\Compone...', Array)
#4 /var/www/html/api/vendor/illuminate/log/Logger.php(174): Monolog\Logger->error(Object(Symfony\Component\ErrorHandler\Error\FatalError), Array)
#5 /var/www/html/api/vendor/illuminate/log/ in /var/www/html/api/vendor/monolog/monolog/src/Monolog/Handler/StreamHandler.php on line 111
[19-Aug-2020 14:10:58 UTC] PHP Fatal error:  Uncaught UnexpectedValueException: The stream or file "/var/www/html/api/storage/logs/lumen-2020-08-19.log" could not be opened in append mode: failed to open stream: Permission denied in /var/www/html/api/vendor/monolog/monolog/src/Monolog/Handler/StreamHandler.php:111
Stack trace:
#0 /var/www/html/api/vendor/monolog/monolog/src/Monolog/Handler/RotatingFileHandler.php(121): Monolog\Handler\StreamHandler->write(Array)
#1 /var/www/html/api/vendor/monolog/monolog/src/Monolog/Handler/AbstractProcessingHandler.php(42): Monolog\Handler\RotatingFileHandler->write(Array)
#2 /var/www/html/api/vendor/monolog/monolog/src/Monolog/Logger.php(325): Monolog\Handler\AbstractProcessingHandler->handle(Array)
#3 /var/www/html/api/vendor/monolog/monolog/src/Monolog/Logger.php(543): Monolog\Logger->addRecord(400, 'UnexpectedValue...', Array)
#4 /var/www/html/api/vendor/illuminate/log/Logger.php(174): Monolog\Logger->error(Object(UnexpectedValueException), Array)
#5 /var/www/html/api/vendor/illuminate/log/Logger.php(87): Illumina in /var/www/html/api/vendor/monolog/monolog/src/Monolog/Handler/StreamHandler.php on line 111
[19-Aug-2020 14:10:58 UTC] PHP Fatal error:  Uncaught UnexpectedValueException: The stream or file "/var/www/html/api/storage/logs/lumen-2020-08-19.log" could not be opened in append mode: failed to open stream: Permission denied in /var/www/html/api/vendor/monolog/monolog/src/Monolog/Handler/StreamHandler.php:111
Stack trace:
#0 /var/www/html/api/vendor/monolog/monolog/src/Monolog/Handler/RotatingFileHandler.php(121): Monolog\Handler\StreamHandler->write(Array)
#1 /var/www/html/api/vendor/monolog/monolog/src/Monolog/Handler/AbstractProcessingHandler.php(42): Monolog\Handler\RotatingFileHandler->write(Array)
#2 /var/www/html/api/vendor/monolog/monolog/src/Monolog/Logger.php(325): Monolog\Handler\AbstractProcessingHandler->handle(Array)
#3 /var/www/html/api/vendor/monolog/monolog/src/Monolog/Logger.php(543): Monolog\Logger->addRecord(400, 'Symfony\\Compone...', Array)
#4 /var/www/html/api/vendor/illuminate/log/Logger.php(174): Monolog\Logger->error(Object(Symfony\Component\ErrorHandler\Error\FatalError), Array)
#5 /var/www/html/api/vendor/illuminate/log/ in /var/www/html/api/vendor/monolog/monolog/src/Monolog/Handler/StreamHandler.php on line 111
[19-Aug-2020 14:10:58 UTC] PHP Fatal error:  Uncaught UnexpectedValueException: The stream or file "/var/www/html/api/storage/logs/lumen-2020-08-19.log" could not be opened in append mode: failed to open stream: Permission denied in /var/www/html/api/vendor/monolog/monolog/src/Monolog/Handler/StreamHandler.php:111
Stack trace:
#0 /var/www/html/api/vendor/monolog/monolog/src/Monolog/Handler/RotatingFileHandler.php(121): Monolog\Handler\StreamHandler->write(Array)
#1 /var/www/html/api/vendor/monolog/monolog/src/Monolog/Handler/AbstractProcessingHandler.php(42): Monolog\Handler\RotatingFileHandler->write(Array)
#2 /var/www/html/api/vendor/monolog/monolog/src/Monolog/Logger.php(325): Monolog\Handler\AbstractProcessingHandler->handle(Array)
#3 /var/www/html/api/vendor/monolog/monolog/src/Monolog/Logger.php(543): Monolog\Logger->addRecord(400, 'UnexpectedValue...', Array)
#4 /var/www/html/api/vendor/illuminate/log/Logger.php(174): Monolog\Logger->error(Object(UnexpectedValueException), Array)
#5 /var/www/html/api/vendor/illuminate/log/Logger.php(87): Illumina in /var/www/html/api/vendor/monolog/monolog/src/Monolog/Handler/StreamHandler.php on line 111
[19-Aug-2020 14:10:58 UTC] PHP Fatal error:  Uncaught UnexpectedValueException: The stream or file "/var/www/html/api/storage/logs/lumen-2020-08-19.log" could not be opened in append mode: failed to open stream: Permission denied in /var/www/html/api/vendor/monolog/monolog/src/Monolog/Handler/StreamHandler.php:111
Stack trace:
#0 /var/www/html/api/vendor/monolog/monolog/src/Monolog/Handler/RotatingFileHandler.php(121): Monolog\Handler\StreamHandler->write(Array)
#1 /var/www/html/api/vendor/monolog/monolog/src/Monolog/Handler/AbstractProcessingHandler.php(42): Monolog\Handler\RotatingFileHandler->write(Array)
#2 /var/www/html/api/vendor/monolog/monolog/src/Monolog/Logger.php(325): Monolog\Handler\AbstractProcessingHandler->handle(Array)
#3 /var/www/html/api/vendor/monolog/monolog/src/Monolog/Logger.php(543): Monolog\Logger->addRecord(400, 'Symfony\\Compone...', Array)
#4 /var/www/html/api/vendor/illuminate/log/Logger.php(174): Monolog\Logger->error(Object(Symfony\Component\ErrorHandler\Error\FatalError), Array)
#5 /var/www/html/api/vendor/illuminate/log/ in /var/www/html/api/vendor/monolog/monolog/src/Monolog/Handler/StreamHandler.php on line 111
[19-Aug-2020 14:11:02 UTC] PHP Fatal error:  Uncaught UnexpectedValueException: The stream or file "/var/www/html/api/storage/logs/lumen-2020-08-19.log" could not be opened in append mode: failed to open stream: Permission denied in /var/www/html/api/vendor/monolog/monolog/src/Monolog/Handler/StreamHandler.php:111
Stack trace:
#0 /var/www/html/api/vendor/monolog/monolog/src/Monolog/Handler/RotatingFileHandler.php(121): Monolog\Handler\StreamHandler->write(Array)
#1 /var/www/html/api/vendor/monolog/monolog/src/Monolog/Handler/AbstractProcessingHandler.php(42): Monolog\Handler\RotatingFileHandler->write(Array)
#2 /var/www/html/api/vendor/monolog/monolog/src/Monolog/Logger.php(325): Monolog\Handler\AbstractProcessingHandler->handle(Array)
#3 /var/www/html/api/vendor/monolog/monolog/src/Monolog/Logger.php(543): Monolog\Logger->addRecord(400, 'UnexpectedValue...', Array)
#4 /var/www/html/api/vendor/illuminate/log/Logger.php(174): Monolog\Logger->error(Object(UnexpectedValueException), Array)
#5 /var/www/html/api/vendor/illuminate/log/Logger.php(87): Illumina in /var/www/html/api/vendor/monolog/monolog/src/Monolog/Handler/StreamHandler.php on line 111
[19-Aug-2020 14:11:02 UTC] PHP Fatal error:  Uncaught UnexpectedValueException: The stream or file "/var/www/html/api/storage/logs/lumen-2020-08-19.log" could not be opened in append mode: failed to open stream: Permission denied in /var/www/html/api/vendor/monolog/monolog/src/Monolog/Handler/StreamHandler.php:111
Stack trace:
#0 /var/www/html/api/vendor/monolog/monolog/src/Monolog/Handler/RotatingFileHandler.php(121): Monolog\Handler\StreamHandler->write(Array)
#1 /var/www/html/api/vendor/monolog/monolog/src/Monolog/Handler/AbstractProcessingHandler.php(42): Monolog\Handler\RotatingFileHandler->write(Array)
#2 /var/www/html/api/vendor/monolog/monolog/src/Monolog/Logger.php(325): Monolog\Handler\AbstractProcessingHandler->handle(Array)
#3 /var/www/html/api/vendor/monolog/monolog/src/Monolog/Logger.php(543): Monolog\Logger->addRecord(400, 'Symfony\\Compone...', Array)
#4 /var/www/html/api/vendor/illuminate/log/Logger.php(174): Monolog\Logger->error(Object(Symfony\Component\ErrorHandler\Error\FatalError), Array)
#5 /var/www/html/api/vendor/illuminate/log/ in /var/www/html/api/vendor/monolog/monolog/src/Monolog/Handler/StreamHandler.php on line 111
[19-Aug-2020 14:11:10 UTC] PHP Fatal error:  Uncaught UnexpectedValueException: The stream or file "/var/www/html/api/storage/logs/lumen-2020-08-19.log" could not be opened in append mode: failed to open stream: Permission denied in /var/www/html/api/vendor/monolog/monolog/src/Monolog/Handler/StreamHandler.php:111
Stack trace:
#0 /var/www/html/api/vendor/monolog/monolog/src/Monolog/Handler/RotatingFileHandler.php(121): Monolog\Handler\StreamHandler->write(Array)
#1 /var/www/html/api/vendor/monolog/monolog/src/Monolog/Handler/AbstractProcessingHandler.php(42): Monolog\Handler\RotatingFileHandler->write(Array)
#2 /var/www/html/api/vendor/monolog/monolog/src/Monolog/Logger.php(325): Monolog\Handler\AbstractProcessingHandler->handle(Array)
#3 /var/www/html/api/vendor/monolog/monolog/src/Monolog/Logger.php(543): Monolog\Logger->addRecord(400, 'UnexpectedValue...', Array)
#4 /var/www/html/api/vendor/illuminate/log/Logger.php(174): Monolog\Logger->error(Object(UnexpectedValueException), Array)
#5 /var/www/html/api/vendor/illuminate/log/Logger.php(87): Illumina in /var/www/html/api/vendor/monolog/monolog/src/Monolog/Handler/StreamHandler.php on line 111
[19-Aug-2020 14:11:10 UTC] PHP Fatal error:  Uncaught UnexpectedValueException: The stream or file "/var/www/html/api/storage/logs/lumen-2020-08-19.log" could not be opened in append mode: failed to open stream: Permission denied in /var/www/html/api/vendor/monolog/monolog/src/Monolog/Handler/StreamHandler.php:111
Stack trace:
#0 /var/www/html/api/vendor/monolog/monolog/src/Monolog/Handler/RotatingFileHandler.php(121): Monolog\Handler\StreamHandler->write(Array)
#1 /var/www/html/api/vendor/monolog/monolog/src/Monolog/Handler/AbstractProcessingHandler.php(42): Monolog\Handler\RotatingFileHandler->write(Array)
#2 /var/www/html/api/vendor/monolog/monolog/src/Monolog/Logger.php(325): Monolog\Handler\AbstractProcessingHandler->handle(Array)
#3 /var/www/html/api/vendor/monolog/monolog/src/Monolog/Logger.php(543): Monolog\Logger->addRecord(400, 'Symfony\\Compone...', Array)
#4 /var/www/html/api/vendor/illuminate/log/Logger.php(174): Monolog\Logger->error(Object(Symfony\Component\ErrorHandler\Error\FatalError), Array)
#5 /var/www/html/api/vendor/illuminate/log/ in /var/www/html/api/vendor/monolog/monolog/src/Monolog/Handler/StreamHandler.php on line 111
[19-Aug-2020 14:12:02 UTC] PHP Fatal error:  Uncaught UnexpectedValueException: The stream or file "/var/www/html/api/storage/logs/lumen-2020-08-19.log" could not be opened in append mode: failed to open stream: Permission denied in /var/www/html/api/vendor/monolog/monolog/src/Monolog/Handler/StreamHandler.php:111
Stack trace:
#0 /var/www/html/api/vendor/monolog/monolog/src/Monolog/Handler/RotatingFileHandler.php(121): Monolog\Handler\StreamHandler->write(Array)
#1 /var/www/html/api/vendor/monolog/monolog/src/Monolog/Handler/AbstractProcessingHandler.php(42): Monolog\Handler\RotatingFileHandler->write(Array)
#2 /var/www/html/api/vendor/monolog/monolog/src/Monolog/Logger.php(325): Monolog\Handler\AbstractProcessingHandler->handle(Array)
#3 /var/www/html/api/vendor/monolog/monolog/src/Monolog/Logger.php(543): Monolog\Logger->addRecord(400, 'UnexpectedValue...', Array)
#4 /var/www/html/api/vendor/illuminate/log/Logger.php(174): Monolog\Logger->error(Object(UnexpectedValueException), Array)
#5 /var/www/html/api/vendor/illuminate/log/Logger.php(87): Illumina in /var/www/html/api/vendor/monolog/monolog/src/Monolog/Handler/StreamHandler.php on line 111
[19-Aug-2020 14:12:02 UTC] PHP Fatal error:  Uncaught UnexpectedValueException: The stream or file "/var/www/html/api/storage/logs/lumen-2020-08-19.log" could not be opened in append mode: failed to open stream: Permission denied in /var/www/html/api/vendor/monolog/monolog/src/Monolog/Handler/StreamHandler.php:111
Stack trace:
#0 /var/www/html/api/vendor/monolog/monolog/src/Monolog/Handler/RotatingFileHandler.php(121): Monolog\Handler\StreamHandler->write(Array)
#1 /var/www/html/api/vendor/monolog/monolog/src/Monolog/Handler/AbstractProcessingHandler.php(42): Monolog\Handler\RotatingFileHandler->write(Array)
#2 /var/www/html/api/vendor/monolog/monolog/src/Monolog/Logger.php(325): Monolog\Handler\AbstractProcessingHandler->handle(Array)
#3 /var/www/html/api/vendor/monolog/monolog/src/Monolog/Logger.php(543): Monolog\Logger->addRecord(400, 'Symfony\\Compone...', Array)
#4 /var/www/html/api/vendor/illuminate/log/Logger.php(174): Monolog\Logger->error(Object(Symfony\Component\ErrorHandler\Error\FatalError), Array)
#5 /var/www/html/api/vendor/illuminate/log/ in /var/www/html/api/vendor/monolog/monolog/src/Monolog/Handler/StreamHandler.php on line 111
[19-Aug-2020 14:12:06 UTC] PHP Fatal error:  Uncaught UnexpectedValueException: The stream or file "/var/www/html/api/storage/logs/lumen-2020-08-19.log" could not be opened in append mode: failed to open stream: Permission denied in /var/www/html/api/vendor/monolog/monolog/src/Monolog/Handler/StreamHandler.php:111
Stack trace:
#0 /var/www/html/api/vendor/monolog/monolog/src/Monolog/Handler/RotatingFileHandler.php(121): Monolog\Handler\StreamHandler->write(Array)
#1 /var/www/html/api/vendor/monolog/monolog/src/Monolog/Handler/AbstractProcessingHandler.php(42): Monolog\Handler\RotatingFileHandler->write(Array)
#2 /var/www/html/api/vendor/monolog/monolog/src/Monolog/Logger.php(325): Monolog\Handler\AbstractProcessingHandler->handle(Array)
#3 /var/www/html/api/vendor/monolog/monolog/src/Monolog/Logger.php(543): Monolog\Logger->addRecord(400, 'UnexpectedValue...', Array)
#4 /var/www/html/api/vendor/illuminate/log/Logger.php(174): Monolog\Logger->error(Object(UnexpectedValueException), Array)
#5 /var/www/html/api/vendor/illuminate/log/Logger.php(87): Illumina in /var/www/html/api/vendor/monolog/monolog/src/Monolog/Handler/StreamHandler.php on line 111
[19-Aug-2020 14:12:06 UTC] PHP Fatal error:  Uncaught UnexpectedValueException: The stream or file "/var/www/html/api/storage/logs/lumen-2020-08-19.log" could not be opened in append mode: failed to open stream: Permission denied in /var/www/html/api/vendor/monolog/monolog/src/Monolog/Handler/StreamHandler.php:111
Stack trace:
#0 /var/www/html/api/vendor/monolog/monolog/src/Monolog/Handler/RotatingFileHandler.php(121): Monolog\Handler\StreamHandler->write(Array)
#1 /var/www/html/api/vendor/monolog/monolog/src/Monolog/Handler/AbstractProcessingHandler.php(42): Monolog\Handler\RotatingFileHandler->write(Array)
#2 /var/www/html/api/vendor/monolog/monolog/src/Monolog/Logger.php(325): Monolog\Handler\AbstractProcessingHandler->handle(Array)
#3 /var/www/html/api/vendor/monolog/monolog/src/Monolog/Logger.php(543): Monolog\Logger->addRecord(400, 'Symfony\\Compone...', Array)
#4 /var/www/html/api/vendor/illuminate/log/Logger.php(174): Monolog\Logger->error(Object(Symfony\Component\ErrorHandler\Error\FatalError), Array)
#5 /var/www/html/api/vendor/illuminate/log/ in /var/www/html/api/vendor/monolog/monolog/src/Monolog/Handler/StreamHandler.php on line 111
[19-Aug-2020 14:12:06 UTC] PHP Fatal error:  Uncaught UnexpectedValueException: The stream or file "/var/www/html/api/storage/logs/lumen-2020-08-19.log" could not be opened in append mode: failed to open stream: Permission denied in /var/www/html/api/vendor/monolog/monolog/src/Monolog/Handler/StreamHandler.php:111
Stack trace:
#0 /var/www/html/api/vendor/monolog/monolog/src/Monolog/Handler/RotatingFileHandler.php(121): Monolog\Handler\StreamHandler->write(Array)
#1 /var/www/html/api/vendor/monolog/monolog/src/Monolog/Handler/AbstractProcessingHandler.php(42): Monolog\Handler\RotatingFileHandler->write(Array)
#2 /var/www/html/api/vendor/monolog/monolog/src/Monolog/Logger.php(325): Monolog\Handler\AbstractProcessingHandler->handle(Array)
#3 /var/www/html/api/vendor/monolog/monolog/src/Monolog/Logger.php(543): Monolog\Logger->addRecord(400, 'UnexpectedValue...', Array)
#4 /var/www/html/api/vendor/illuminate/log/Logger.php(174): Monolog\Logger->error(Object(UnexpectedValueException), Array)
#5 /var/www/html/api/vendor/illuminate/log/Logger.php(87): Illumina in /var/www/html/api/vendor/monolog/monolog/src/Monolog/Handler/StreamHandler.php on line 111
[19-Aug-2020 14:12:06 UTC] PHP Fatal error:  Uncaught UnexpectedValueException: The stream or file "/var/www/html/api/storage/logs/lumen-2020-08-19.log" could not be opened in append mode: failed to open stream: Permission denied in /var/www/html/api/vendor/monolog/monolog/src/Monolog/Handler/StreamHandler.php:111
Stack trace:
#0 /var/www/html/api/vendor/monolog/monolog/src/Monolog/Handler/RotatingFileHandler.php(121): Monolog\Handler\StreamHandler->write(Array)
#1 /var/www/html/api/vendor/monolog/monolog/src/Monolog/Handler/AbstractProcessingHandler.php(42): Monolog\Handler\RotatingFileHandler->write(Array)
#2 /var/www/html/api/vendor/monolog/monolog/src/Monolog/Logger.php(325): Monolog\Handler\AbstractProcessingHandler->handle(Array)
#3 /var/www/html/api/vendor/monolog/monolog/src/Monolog/Logger.php(543): Monolog\Logger->addRecord(400, 'Symfony\\Compone...', Array)
#4 /var/www/html/api/vendor/illuminate/log/Logger.php(174): Monolog\Logger->error(Object(Symfony\Component\ErrorHandler\Error\FatalError), Array)
#5 /var/www/html/api/vendor/illuminate/log/ in /var/www/html/api/vendor/monolog/monolog/src/Monolog/Handler/StreamHandler.php on line 111
[19-Aug-2020 14:12:06 UTC] PHP Fatal error:  Uncaught UnexpectedValueException: The stream or file "/var/www/html/api/storage/logs/lumen-2020-08-19.log" could not be opened in append mode: failed to open stream: Permission denied in /var/www/html/api/vendor/monolog/monolog/src/Monolog/Handler/StreamHandler.php:111
Stack trace:
#0 /var/www/html/api/vendor/monolog/monolog/src/Monolog/Handler/RotatingFileHandler.php(121): Monolog\Handler\StreamHandler->write(Array)
#1 /var/www/html/api/vendor/monolog/monolog/src/Monolog/Handler/AbstractProcessingHandler.php(42): Monolog\Handler\RotatingFileHandler->write(Array)
#2 /var/www/html/api/vendor/monolog/monolog/src/Monolog/Logger.php(325): Monolog\Handler\AbstractProcessingHandler->handle(Array)
#3 /var/www/html/api/vendor/monolog/monolog/src/Monolog/Logger.php(543): Monolog\Logger->addRecord(400, 'UnexpectedValue...', Array)
#4 /var/www/html/api/vendor/illuminate/log/Logger.php(174): Monolog\Logger->error(Object(UnexpectedValueException), Array)
#5 /var/www/html/api/vendor/illuminate/log/Logger.php(87): Illumina in /var/www/html/api/vendor/monolog/monolog/src/Monolog/Handler/StreamHandler.php on line 111
[19-Aug-2020 14:12:06 UTC] PHP Fatal error:  Uncaught UnexpectedValueException: The stream or file "/var/www/html/api/storage/logs/lumen-2020-08-19.log" could not be opened in append mode: failed to open stream: Permission denied in /var/www/html/api/vendor/monolog/monolog/src/Monolog/Handler/StreamHandler.php:111
Stack trace:
#0 /var/www/html/api/vendor/monolog/monolog/src/Monolog/Handler/RotatingFileHandler.php(121): Monolog\Handler\StreamHandler->write(Array)
#1 /var/www/html/api/vendor/monolog/monolog/src/Monolog/Handler/AbstractProcessingHandler.php(42): Monolog\Handler\RotatingFileHandler->write(Array)
#2 /var/www/html/api/vendor/monolog/monolog/src/Monolog/Logger.php(325): Monolog\Handler\AbstractProcessingHandler->handle(Array)
#3 /var/www/html/api/vendor/monolog/monolog/src/Monolog/Logger.php(543): Monolog\Logger->addRecord(400, 'Symfony\\Compone...', Array)
#4 /var/www/html/api/vendor/illuminate/log/Logger.php(174): Monolog\Logger->error(Object(Symfony\Component\ErrorHandler\Error\FatalError), Array)
#5 /var/www/html/api/vendor/illuminate/log/ in /var/www/html/api/vendor/monolog/monolog/src/Monolog/Handler/StreamHandler.php on line 111
[19-Aug-2020 14:12:07 UTC] PHP Fatal error:  Uncaught UnexpectedValueException: The stream or file "/var/www/html/api/storage/logs/lumen-2020-08-19.log" could not be opened in append mode: failed to open stream: Permission denied in /var/www/html/api/vendor/monolog/monolog/src/Monolog/Handler/StreamHandler.php:111
Stack trace:
#0 /var/www/html/api/vendor/monolog/monolog/src/Monolog/Handler/RotatingFileHandler.php(121): Monolog\Handler\StreamHandler->write(Array)
#1 /var/www/html/api/vendor/monolog/monolog/src/Monolog/Handler/AbstractProcessingHandler.php(42): Monolog\Handler\RotatingFileHandler->write(Array)
#2 /var/www/html/api/vendor/monolog/monolog/src/Monolog/Logger.php(325): Monolog\Handler\AbstractProcessingHandler->handle(Array)
#3 /var/www/html/api/vendor/monolog/monolog/src/Monolog/Logger.php(543): Monolog\Logger->addRecord(400, 'UnexpectedValue...', Array)
#4 /var/www/html/api/vendor/illuminate/log/Logger.php(174): Monolog\Logger->error(Object(UnexpectedValueException), Array)
#5 /var/www/html/api/vendor/illuminate/log/Logger.php(87): Illumina in /var/www/html/api/vendor/monolog/monolog/src/Monolog/Handler/StreamHandler.php on line 111
[19-Aug-2020 14:12:07 UTC] PHP Fatal error:  Uncaught UnexpectedValueException: The stream or file "/var/www/html/api/storage/logs/lumen-2020-08-19.log" could not be opened in append mode: failed to open stream: Permission denied in /var/www/html/api/vendor/monolog/monolog/src/Monolog/Handler/StreamHandler.php:111
Stack trace:
#0 /var/www/html/api/vendor/monolog/monolog/src/Monolog/Handler/RotatingFileHandler.php(121): Monolog\Handler\StreamHandler->write(Array)
#1 /var/www/html/api/vendor/monolog/monolog/src/Monolog/Handler/AbstractProcessingHandler.php(42): Monolog\Handler\RotatingFileHandler->write(Array)
#2 /var/www/html/api/vendor/monolog/monolog/src/Monolog/Logger.php(325): Monolog\Handler\AbstractProcessingHandler->handle(Array)
#3 /var/www/html/api/vendor/monolog/monolog/src/Monolog/Logger.php(543): Monolog\Logger->addRecord(400, 'Symfony\\Compone...', Array)
#4 /var/www/html/api/vendor/illuminate/log/Logger.php(174): Monolog\Logger->error(Object(Symfony\Component\ErrorHandler\Error\FatalError), Array)
#5 /var/www/html/api/vendor/illuminate/log/ in /var/www/html/api/vendor/monolog/monolog/src/Monolog/Handler/StreamHandler.php on line 111
[19-Aug-2020 14:12:07 UTC] PHP Fatal error:  Uncaught UnexpectedValueException: The stream or file "/var/www/html/api/storage/logs/lumen-2020-08-19.log" could not be opened in append mode: failed to open stream: Permission denied in /var/www/html/api/vendor/monolog/monolog/src/Monolog/Handler/StreamHandler.php:111
Stack trace:
#0 /var/www/html/api/vendor/monolog/monolog/src/Monolog/Handler/RotatingFileHandler.php(121): Monolog\Handler\StreamHandler->write(Array)
#1 /var/www/html/api/vendor/monolog/monolog/src/Monolog/Handler/AbstractProcessingHandler.php(42): Monolog\Handler\RotatingFileHandler->write(Array)
#2 /var/www/html/api/vendor/monolog/monolog/src/Monolog/Logger.php(325): Monolog\Handler\AbstractProcessingHandler->handle(Array)
#3 /var/www/html/api/vendor/monolog/monolog/src/Monolog/Logger.php(543): Monolog\Logger->addRecord(400, 'UnexpectedValue...', Array)
#4 /var/www/html/api/vendor/illuminate/log/Logger.php(174): Monolog\Logger->error(Object(UnexpectedValueException), Array)
#5 /var/www/html/api/vendor/illuminate/log/Logger.php(87): Illumina in /var/www/html/api/vendor/monolog/monolog/src/Monolog/Handler/StreamHandler.php on line 111
[19-Aug-2020 14:12:07 UTC] PHP Fatal error:  Uncaught UnexpectedValueException: The stream or file "/var/www/html/api/storage/logs/lumen-2020-08-19.log" could not be opened in append mode: failed to open stream: Permission denied in /var/www/html/api/vendor/monolog/monolog/src/Monolog/Handler/StreamHandler.php:111
Stack trace:
#0 /var/www/html/api/vendor/monolog/monolog/src/Monolog/Handler/RotatingFileHandler.php(121): Monolog\Handler\StreamHandler->write(Array)
#1 /var/www/html/api/vendor/monolog/monolog/src/Monolog/Handler/AbstractProcessingHandler.php(42): Monolog\Handler\RotatingFileHandler->write(Array)
#2 /var/www/html/api/vendor/monolog/monolog/src/Monolog/Logger.php(325): Monolog\Handler\AbstractProcessingHandler->handle(Array)
#3 /var/www/html/api/vendor/monolog/monolog/src/Monolog/Logger.php(543): Monolog\Logger->addRecord(400, 'Symfony\\Compone...', Array)
#4 /var/www/html/api/vendor/illuminate/log/Logger.php(174): Monolog\Logger->error(Object(Symfony\Component\ErrorHandler\Error\FatalError), Array)
#5 /var/www/html/api/vendor/illuminate/log/ in /var/www/html/api/vendor/monolog/monolog/src/Monolog/Handler/StreamHandler.php on line 111
[19-Aug-2020 14:12:07 UTC] PHP Fatal error:  Uncaught UnexpectedValueException: The stream or file "/var/www/html/api/storage/logs/lumen-2020-08-19.log" could not be opened in append mode: failed to open stream: Permission denied in /var/www/html/api/vendor/monolog/monolog/src/Monolog/Handler/StreamHandler.php:111
Stack trace:
#0 /var/www/html/api/vendor/monolog/monolog/src/Monolog/Handler/RotatingFileHandler.php(121): Monolog\Handler\StreamHandler->write(Array)
#1 /var/www/html/api/vendor/monolog/monolog/src/Monolog/Handler/AbstractProcessingHandler.php(42): Monolog\Handler\RotatingFileHandler->write(Array)
#2 /var/www/html/api/vendor/monolog/monolog/src/Monolog/Logger.php(325): Monolog\Handler\AbstractProcessingHandler->handle(Array)
#3 /var/www/html/api/vendor/monolog/monolog/src/Monolog/Logger.php(543): Monolog\Logger->addRecord(400, 'UnexpectedValue...', Array)
#4 /var/www/html/api/vendor/illuminate/log/Logger.php(174): Monolog\Logger->error(Object(UnexpectedValueException), Array)
#5 /var/www/html/api/vendor/illuminate/log/Logger.php(87): Illumina in /var/www/html/api/vendor/monolog/monolog/src/Monolog/Handler/StreamHandler.php on line 111
[19-Aug-2020 14:12:07 UTC] PHP Fatal error:  Uncaught UnexpectedValueException: The stream or file "/var/www/html/api/storage/logs/lumen-2020-08-19.log" could not be opened in append mode: failed to open stream: Permission denied in /var/www/html/api/vendor/monolog/monolog/src/Monolog/Handler/StreamHandler.php:111
Stack trace:
#0 /var/www/html/api/vendor/monolog/monolog/src/Monolog/Handler/RotatingFileHandler.php(121): Monolog\Handler\StreamHandler->write(Array)
#1 /var/www/html/api/vendor/monolog/monolog/src/Monolog/Handler/AbstractProcessingHandler.php(42): Monolog\Handler\RotatingFileHandler->write(Array)
#2 /var/www/html/api/vendor/monolog/monolog/src/Monolog/Logger.php(325): Monolog\Handler\AbstractProcessingHandler->handle(Array)
#3 /var/www/html/api/vendor/monolog/monolog/src/Monolog/Logger.php(543): Monolog\Logger->addRecord(400, 'Symfony\\Compone...', Array)
#4 /var/www/html/api/vendor/illuminate/log/Logger.php(174): Monolog\Logger->error(Object(Symfony\Component\ErrorHandler\Error\FatalError), Array)
#5 /var/www/html/api/vendor/illuminate/log/ in /var/www/html/api/vendor/monolog/monolog/src/Monolog/Handler/StreamHandler.php on line 111
[19-Aug-2020 14:12:07 UTC] PHP Fatal error:  Uncaught UnexpectedValueException: The stream or file "/var/www/html/api/storage/logs/lumen-2020-08-19.log" could not be opened in append mode: failed to open stream: Permission denied in /var/www/html/api/vendor/monolog/monolog/src/Monolog/Handler/StreamHandler.php:111
Stack trace:
#0 /var/www/html/api/vendor/monolog/monolog/src/Monolog/Handler/RotatingFileHandler.php(121): Monolog\Handler\StreamHandler->write(Array)
#1 /var/www/html/api/vendor/monolog/monolog/src/Monolog/Handler/AbstractProcessingHandler.php(42): Monolog\Handler\RotatingFileHandler->write(Array)
#2 /var/www/html/api/vendor/monolog/monolog/src/Monolog/Logger.php(325): Monolog\Handler\AbstractProcessingHandler->handle(Array)
#3 /var/www/html/api/vendor/monolog/monolog/src/Monolog/Logger.php(543): Monolog\Logger->addRecord(400, 'UnexpectedValue...', Array)
#4 /var/www/html/api/vendor/illuminate/log/Logger.php(174): Monolog\Logger->error(Object(UnexpectedValueException), Array)
#5 /var/www/html/api/vendor/illuminate/log/Logger.php(87): Illumina in /var/www/html/api/vendor/monolog/monolog/src/Monolog/Handler/StreamHandler.php on line 111
[19-Aug-2020 14:12:07 UTC] PHP Fatal error:  Uncaught UnexpectedValueException: The stream or file "/var/www/html/api/storage/logs/lumen-2020-08-19.log" could not be opened in append mode: failed to open stream: Permission denied in /var/www/html/api/vendor/monolog/monolog/src/Monolog/Handler/StreamHandler.php:111
Stack trace:
#0 /var/www/html/api/vendor/monolog/monolog/src/Monolog/Handler/RotatingFileHandler.php(121): Monolog\Handler\StreamHandler->write(Array)
#1 /var/www/html/api/vendor/monolog/monolog/src/Monolog/Handler/AbstractProcessingHandler.php(42): Monolog\Handler\RotatingFileHandler->write(Array)
#2 /var/www/html/api/vendor/monolog/monolog/src/Monolog/Logger.php(325): Monolog\Handler\AbstractProcessingHandler->handle(Array)
#3 /var/www/html/api/vendor/monolog/monolog/src/Monolog/Logger.php(543): Monolog\Logger->addRecord(400, 'Symfony\\Compone...', Array)
#4 /var/www/html/api/vendor/illuminate/log/Logger.php(174): Monolog\Logger->error(Object(Symfony\Component\ErrorHandler\Error\FatalError), Array)
#5 /var/www/html/api/vendor/illuminate/log/ in /var/www/html/api/vendor/monolog/monolog/src/Monolog/Handler/StreamHandler.php on line 111
[19-Aug-2020 14:12:07 UTC] PHP Fatal error:  Uncaught UnexpectedValueException: The stream or file "/var/www/html/api/storage/logs/lumen-2020-08-19.log" could not be opened in append mode: failed to open stream: Permission denied in /var/www/html/api/vendor/monolog/monolog/src/Monolog/Handler/StreamHandler.php:111
Stack trace:
#0 /var/www/html/api/vendor/monolog/monolog/src/Monolog/Handler/RotatingFileHandler.php(121): Monolog\Handler\StreamHandler->write(Array)
#1 /var/www/html/api/vendor/monolog/monolog/src/Monolog/Handler/AbstractProcessingHandler.php(42): Monolog\Handler\RotatingFileHandler->write(Array)
#2 /var/www/html/api/vendor/monolog/monolog/src/Monolog/Logger.php(325): Monolog\Handler\AbstractProcessingHandler->handle(Array)
#3 /var/www/html/api/vendor/monolog/monolog/src/Monolog/Logger.php(543): Monolog\Logger->addRecord(400, 'UnexpectedValue...', Array)
#4 /var/www/html/api/vendor/illuminate/log/Logger.php(174): Monolog\Logger->error(Object(UnexpectedValueException), Array)
#5 /var/www/html/api/vendor/illuminate/log/Logger.php(87): Illumina in /var/www/html/api/vendor/monolog/monolog/src/Monolog/Handler/StreamHandler.php on line 111
[19-Aug-2020 14:12:07 UTC] PHP Fatal error:  Uncaught UnexpectedValueException: The stream or file "/var/www/html/api/storage/logs/lumen-2020-08-19.log" could not be opened in append mode: failed to open stream: Permission denied in /var/www/html/api/vendor/monolog/monolog/src/Monolog/Handler/StreamHandler.php:111
Stack trace:
#0 /var/www/html/api/vendor/monolog/monolog/src/Monolog/Handler/RotatingFileHandler.php(121): Monolog\Handler\StreamHandler->write(Array)
#1 /var/www/html/api/vendor/monolog/monolog/src/Monolog/Handler/AbstractProcessingHandler.php(42): Monolog\Handler\RotatingFileHandler->write(Array)
#2 /var/www/html/api/vendor/monolog/monolog/src/Monolog/Logger.php(325): Monolog\Handler\AbstractProcessingHandler->handle(Array)
#3 /var/www/html/api/vendor/monolog/monolog/src/Monolog/Logger.php(543): Monolog\Logger->addRecord(400, 'Symfony\\Compone...', Array)
#4 /var/www/html/api/vendor/illuminate/log/Logger.php(174): Monolog\Logger->error(Object(Symfony\Component\ErrorHandler\Error\FatalError), Array)
#5 /var/www/html/api/vendor/illuminate/log/ in /var/www/html/api/vendor/monolog/monolog/src/Monolog/Handler/StreamHandler.php on line 111
[19-Aug-2020 14:12:08 UTC] PHP Fatal error:  Uncaught UnexpectedValueException: The stream or file "/var/www/html/api/storage/logs/lumen-2020-08-19.log" could not be opened in append mode: failed to open stream: Permission denied in /var/www/html/api/vendor/monolog/monolog/src/Monolog/Handler/StreamHandler.php:111
Stack trace:
#0 /var/www/html/api/vendor/monolog/monolog/src/Monolog/Handler/RotatingFileHandler.php(121): Monolog\Handler\StreamHandler->write(Array)
#1 /var/www/html/api/vendor/monolog/monolog/src/Monolog/Handler/AbstractProcessingHandler.php(42): Monolog\Handler\RotatingFileHandler->write(Array)
#2 /var/www/html/api/vendor/monolog/monolog/src/Monolog/Logger.php(325): Monolog\Handler\AbstractProcessingHandler->handle(Array)
#3 /var/www/html/api/vendor/monolog/monolog/src/Monolog/Logger.php(543): Monolog\Logger->addRecord(400, 'UnexpectedValue...', Array)
#4 /var/www/html/api/vendor/illuminate/log/Logger.php(174): Monolog\Logger->error(Object(UnexpectedValueException), Array)
#5 /var/www/html/api/vendor/illuminate/log/Logger.php(87): Illumina in /var/www/html/api/vendor/monolog/monolog/src/Monolog/Handler/StreamHandler.php on line 111
[19-Aug-2020 14:12:08 UTC] PHP Fatal error:  Uncaught UnexpectedValueException: The stream or file "/var/www/html/api/storage/logs/lumen-2020-08-19.log" could not be opened in append mode: failed to open stream: Permission denied in /var/www/html/api/vendor/monolog/monolog/src/Monolog/Handler/StreamHandler.php:111
Stack trace:
#0 /var/www/html/api/vendor/monolog/monolog/src/Monolog/Handler/RotatingFileHandler.php(121): Monolog\Handler\StreamHandler->write(Array)
#1 /var/www/html/api/vendor/monolog/monolog/src/Monolog/Handler/AbstractProcessingHandler.php(42): Monolog\Handler\RotatingFileHandler->write(Array)
#2 /var/www/html/api/vendor/monolog/monolog/src/Monolog/Logger.php(325): Monolog\Handler\AbstractProcessingHandler->handle(Array)
#3 /var/www/html/api/vendor/monolog/monolog/src/Monolog/Logger.php(543): Monolog\Logger->addRecord(400, 'Symfony\\Compone...', Array)
#4 /var/www/html/api/vendor/illuminate/log/Logger.php(174): Monolog\Logger->error(Object(Symfony\Component\ErrorHandler\Error\FatalError), Array)
#5 /var/www/html/api/vendor/illuminate/log/ in /var/www/html/api/vendor/monolog/monolog/src/Monolog/Handler/StreamHandler.php on line 111
[19-Aug-2020 14:12:08 UTC] PHP Fatal error:  Uncaught UnexpectedValueException: The stream or file "/var/www/html/api/storage/logs/lumen-2020-08-19.log" could not be opened in append mode: failed to open stream: Permission denied in /var/www/html/api/vendor/monolog/monolog/src/Monolog/Handler/StreamHandler.php:111
Stack trace:
#0 /var/www/html/api/vendor/monolog/monolog/src/Monolog/Handler/RotatingFileHandler.php(121): Monolog\Handler\StreamHandler->write(Array)
#1 /var/www/html/api/vendor/monolog/monolog/src/Monolog/Handler/AbstractProcessingHandler.php(42): Monolog\Handler\RotatingFileHandler->write(Array)
#2 /var/www/html/api/vendor/monolog/monolog/src/Monolog/Logger.php(325): Monolog\Handler\AbstractProcessingHandler->handle(Array)
#3 /var/www/html/api/vendor/monolog/monolog/src/Monolog/Logger.php(543): Monolog\Logger->addRecord(400, 'UnexpectedValue...', Array)
#4 /var/www/html/api/vendor/illuminate/log/Logger.php(174): Monolog\Logger->error(Object(UnexpectedValueException), Array)
#5 /var/www/html/api/vendor/illuminate/log/Logger.php(87): Illumina in /var/www/html/api/vendor/monolog/monolog/src/Monolog/Handler/StreamHandler.php on line 111
[19-Aug-2020 14:12:08 UTC] PHP Fatal error:  Uncaught UnexpectedValueException: The stream or file "/var/www/html/api/storage/logs/lumen-2020-08-19.log" could not be opened in append mode: failed to open stream: Permission denied in /var/www/html/api/vendor/monolog/monolog/src/Monolog/Handler/StreamHandler.php:111
Stack trace:
#0 /var/www/html/api/vendor/monolog/monolog/src/Monolog/Handler/RotatingFileHandler.php(121): Monolog\Handler\StreamHandler->write(Array)
#1 /var/www/html/api/vendor/monolog/monolog/src/Monolog/Handler/AbstractProcessingHandler.php(42): Monolog\Handler\RotatingFileHandler->write(Array)
#2 /var/www/html/api/vendor/monolog/monolog/src/Monolog/Logger.php(325): Monolog\Handler\AbstractProcessingHandler->handle(Array)
#3 /var/www/html/api/vendor/monolog/monolog/src/Monolog/Logger.php(543): Monolog\Logger->addRecord(400, 'Symfony\\Compone...', Array)
#4 /var/www/html/api/vendor/illuminate/log/Logger.php(174): Monolog\Logger->error(Object(Symfony\Component\ErrorHandler\Error\FatalError), Array)
#5 /var/www/html/api/vendor/illuminate/log/ in /var/www/html/api/vendor/monolog/monolog/src/Monolog/Handler/StreamHandler.php on line 111
[19-Aug-2020 14:16:03 UTC] WHAT THE FUCK
[19-Aug-2020 14:16:03 UTC] PHP Fatal error:  Uncaught UnexpectedValueException: The stream or file "/var/www/html/api/storage/logs/lumen-2020-08-19.log" could not be opened in append mode: failed to open stream: Permission denied in /var/www/html/api/vendor/monolog/monolog/src/Monolog/Handler/StreamHandler.php:111
Stack trace:
#0 /var/www/html/api/vendor/monolog/monolog/src/Monolog/Handler/RotatingFileHandler.php(121): Monolog\Handler\StreamHandler->write(Array)
#1 /var/www/html/api/vendor/monolog/monolog/src/Monolog/Handler/AbstractProcessingHandler.php(42): Monolog\Handler\RotatingFileHandler->write(Array)
#2 /var/www/html/api/vendor/monolog/monolog/src/Monolog/Logger.php(325): Monolog\Handler\AbstractProcessingHandler->handle(Array)
#3 /var/www/html/api/vendor/monolog/monolog/src/Monolog/Logger.php(543): Monolog\Logger->addRecord(400, 'UnexpectedValue...', Array)
#4 /var/www/html/api/vendor/illuminate/log/Logger.php(174): Monolog\Logger->error(Object(UnexpectedValueException), Array)
#5 /var/www/html/api/vendor/illuminate/log/Logger.php(87): Illumina in /var/www/html/api/vendor/monolog/monolog/src/Monolog/Handler/StreamHandler.php on line 111
[19-Aug-2020 14:16:03 UTC] PHP Fatal error:  Uncaught UnexpectedValueException: The stream or file "/var/www/html/api/storage/logs/lumen-2020-08-19.log" could not be opened in append mode: failed to open stream: Permission denied in /var/www/html/api/vendor/monolog/monolog/src/Monolog/Handler/StreamHandler.php:111
Stack trace:
#0 /var/www/html/api/vendor/monolog/monolog/src/Monolog/Handler/RotatingFileHandler.php(121): Monolog\Handler\StreamHandler->write(Array)
#1 /var/www/html/api/vendor/monolog/monolog/src/Monolog/Handler/AbstractProcessingHandler.php(42): Monolog\Handler\RotatingFileHandler->write(Array)
#2 /var/www/html/api/vendor/monolog/monolog/src/Monolog/Logger.php(325): Monolog\Handler\AbstractProcessingHandler->handle(Array)
#3 /var/www/html/api/vendor/monolog/monolog/src/Monolog/Logger.php(543): Monolog\Logger->addRecord(400, 'Symfony\\Compone...', Array)
#4 /var/www/html/api/vendor/illuminate/log/Logger.php(174): Monolog\Logger->error(Object(Symfony\Component\ErrorHandler\Error\FatalError), Array)
#5 /var/www/html/api/vendor/illuminate/log/ in /var/www/html/api/vendor/monolog/monolog/src/Monolog/Handler/StreamHandler.php on line 111
[19-Aug-2020 14:16:04 UTC] WHAT THE FUCK
[19-Aug-2020 14:16:04 UTC] PHP Fatal error:  Uncaught UnexpectedValueException: The stream or file "/var/www/html/api/storage/logs/lumen-2020-08-19.log" could not be opened in append mode: failed to open stream: Permission denied in /var/www/html/api/vendor/monolog/monolog/src/Monolog/Handler/StreamHandler.php:111
Stack trace:
#0 /var/www/html/api/vendor/monolog/monolog/src/Monolog/Handler/RotatingFileHandler.php(121): Monolog\Handler\StreamHandler->write(Array)
#1 /var/www/html/api/vendor/monolog/monolog/src/Monolog/Handler/AbstractProcessingHandler.php(42): Monolog\Handler\RotatingFileHandler->write(Array)
#2 /var/www/html/api/vendor/monolog/monolog/src/Monolog/Logger.php(325): Monolog\Handler\AbstractProcessingHandler->handle(Array)
#3 /var/www/html/api/vendor/monolog/monolog/src/Monolog/Logger.php(543): Monolog\Logger->addRecord(400, 'UnexpectedValue...', Array)
#4 /var/www/html/api/vendor/illuminate/log/Logger.php(174): Monolog\Logger->error(Object(UnexpectedValueException), Array)
#5 /var/www/html/api/vendor/illuminate/log/Logger.php(87): Illumina in /var/www/html/api/vendor/monolog/monolog/src/Monolog/Handler/StreamHandler.php on line 111
[19-Aug-2020 14:16:04 UTC] PHP Fatal error:  Uncaught UnexpectedValueException: The stream or file "/var/www/html/api/storage/logs/lumen-2020-08-19.log" could not be opened in append mode: failed to open stream: Permission denied in /var/www/html/api/vendor/monolog/monolog/src/Monolog/Handler/StreamHandler.php:111
Stack trace:
#0 /var/www/html/api/vendor/monolog/monolog/src/Monolog/Handler/RotatingFileHandler.php(121): Monolog\Handler\StreamHandler->write(Array)
#1 /var/www/html/api/vendor/monolog/monolog/src/Monolog/Handler/AbstractProcessingHandler.php(42): Monolog\Handler\RotatingFileHandler->write(Array)
#2 /var/www/html/api/vendor/monolog/monolog/src/Monolog/Logger.php(325): Monolog\Handler\AbstractProcessingHandler->handle(Array)
#3 /var/www/html/api/vendor/monolog/monolog/src/Monolog/Logger.php(543): Monolog\Logger->addRecord(400, 'Symfony\\Compone...', Array)
#4 /var/www/html/api/vendor/illuminate/log/Logger.php(174): Monolog\Logger->error(Object(Symfony\Component\ErrorHandler\Error\FatalError), Array)
#5 /var/www/html/api/vendor/illuminate/log/ in /var/www/html/api/vendor/monolog/monolog/src/Monolog/Handler/StreamHandler.php on line 111
[19-Aug-2020 14:16:04 UTC] WHAT THE FUCK
[19-Aug-2020 14:16:04 UTC] PHP Fatal error:  Uncaught UnexpectedValueException: The stream or file "/var/www/html/api/storage/logs/lumen-2020-08-19.log" could not be opened in append mode: failed to open stream: Permission denied in /var/www/html/api/vendor/monolog/monolog/src/Monolog/Handler/StreamHandler.php:111
Stack trace:
#0 /var/www/html/api/vendor/monolog/monolog/src/Monolog/Handler/RotatingFileHandler.php(121): Monolog\Handler\StreamHandler->write(Array)
#1 /var/www/html/api/vendor/monolog/monolog/src/Monolog/Handler/AbstractProcessingHandler.php(42): Monolog\Handler\RotatingFileHandler->write(Array)
#2 /var/www/html/api/vendor/monolog/monolog/src/Monolog/Logger.php(325): Monolog\Handler\AbstractProcessingHandler->handle(Array)
#3 /var/www/html/api/vendor/monolog/monolog/src/Monolog/Logger.php(543): Monolog\Logger->addRecord(400, 'UnexpectedValue...', Array)
#4 /var/www/html/api/vendor/illuminate/log/Logger.php(174): Monolog\Logger->error(Object(UnexpectedValueException), Array)
#5 /var/www/html/api/vendor/illuminate/log/Logger.php(87): Illumina in /var/www/html/api/vendor/monolog/monolog/src/Monolog/Handler/StreamHandler.php on line 111
[19-Aug-2020 14:16:04 UTC] PHP Fatal error:  Uncaught UnexpectedValueException: The stream or file "/var/www/html/api/storage/logs/lumen-2020-08-19.log" could not be opened in append mode: failed to open stream: Permission denied in /var/www/html/api/vendor/monolog/monolog/src/Monolog/Handler/StreamHandler.php:111
Stack trace:
#0 /var/www/html/api/vendor/monolog/monolog/src/Monolog/Handler/RotatingFileHandler.php(121): Monolog\Handler\StreamHandler->write(Array)
#1 /var/www/html/api/vendor/monolog/monolog/src/Monolog/Handler/AbstractProcessingHandler.php(42): Monolog\Handler\RotatingFileHandler->write(Array)
#2 /var/www/html/api/vendor/monolog/monolog/src/Monolog/Logger.php(325): Monolog\Handler\AbstractProcessingHandler->handle(Array)
#3 /var/www/html/api/vendor/monolog/monolog/src/Monolog/Logger.php(543): Monolog\Logger->addRecord(400, 'Symfony\\Compone...', Array)
#4 /var/www/html/api/vendor/illuminate/log/Logger.php(174): Monolog\Logger->error(Object(Symfony\Component\ErrorHandler\Error\FatalError), Array)
#5 /var/www/html/api/vendor/illuminate/log/ in /var/www/html/api/vendor/monolog/monolog/src/Monolog/Handler/StreamHandler.php on line 111
[19-Aug-2020 14:16:04 UTC] WHAT THE FUCK
[19-Aug-2020 14:16:04 UTC] PHP Fatal error:  Uncaught UnexpectedValueException: The stream or file "/var/www/html/api/storage/logs/lumen-2020-08-19.log" could not be opened in append mode: failed to open stream: Permission denied in /var/www/html/api/vendor/monolog/monolog/src/Monolog/Handler/StreamHandler.php:111
Stack trace:
#0 /var/www/html/api/vendor/monolog/monolog/src/Monolog/Handler/RotatingFileHandler.php(121): Monolog\Handler\StreamHandler->write(Array)
#1 /var/www/html/api/vendor/monolog/monolog/src/Monolog/Handler/AbstractProcessingHandler.php(42): Monolog\Handler\RotatingFileHandler->write(Array)
#2 /var/www/html/api/vendor/monolog/monolog/src/Monolog/Logger.php(325): Monolog\Handler\AbstractProcessingHandler->handle(Array)
#3 /var/www/html/api/vendor/monolog/monolog/src/Monolog/Logger.php(543): Monolog\Logger->addRecord(400, 'UnexpectedValue...', Array)
#4 /var/www/html/api/vendor/illuminate/log/Logger.php(174): Monolog\Logger->error(Object(UnexpectedValueException), Array)
#5 /var/www/html/api/vendor/illuminate/log/Logger.php(87): Illumina in /var/www/html/api/vendor/monolog/monolog/src/Monolog/Handler/StreamHandler.php on line 111
[19-Aug-2020 14:16:04 UTC] PHP Fatal error:  Uncaught UnexpectedValueException: The stream or file "/var/www/html/api/storage/logs/lumen-2020-08-19.log" could not be opened in append mode: failed to open stream: Permission denied in /var/www/html/api/vendor/monolog/monolog/src/Monolog/Handler/StreamHandler.php:111
Stack trace:
#0 /var/www/html/api/vendor/monolog/monolog/src/Monolog/Handler/RotatingFileHandler.php(121): Monolog\Handler\StreamHandler->write(Array)
#1 /var/www/html/api/vendor/monolog/monolog/src/Monolog/Handler/AbstractProcessingHandler.php(42): Monolog\Handler\RotatingFileHandler->write(Array)
#2 /var/www/html/api/vendor/monolog/monolog/src/Monolog/Logger.php(325): Monolog\Handler\AbstractProcessingHandler->handle(Array)
#3 /var/www/html/api/vendor/monolog/monolog/src/Monolog/Logger.php(543): Monolog\Logger->addRecord(400, 'Symfony\\Compone...', Array)
#4 /var/www/html/api/vendor/illuminate/log/Logger.php(174): Monolog\Logger->error(Object(Symfony\Component\ErrorHandler\Error\FatalError), Array)
#5 /var/www/html/api/vendor/illuminate/log/ in /var/www/html/api/vendor/monolog/monolog/src/Monolog/Handler/StreamHandler.php on line 111
[19-Aug-2020 14:17:12 UTC] WHAT THE FUCK
[19-Aug-2020 14:18:11 UTC] WHAT THE FUCK
[19-Aug-2020 15:16:33 UTC] Output from DemoOne
[19-Aug-2020 15:32:26 UTC] {"Response":"False","Error":"Movie not found!"}
[19-Aug-2020 15:32:40 UTC] {"Response":"False","Error":"Movie not found!"}
[19-Aug-2020 15:32:51 UTC] {"Title":"Fargo","Year":"1996","Rated":"R","Released":"05 Apr 1996","Runtime":"98 min","Genre":"Crime, Drama, Thriller","Director":"Joel Coen, Ethan Coen","Writer":"Ethan Coen, Joel Coen","Actors":"William H. Macy, Steve Buscemi, Peter Stormare, Kristin Rudrd","Plot":"Jerry Lundegaard's inept crime falls apart due to his and his henchmen's bungling and the persistent police work of the quite pregnant Marge Gunderson.","Language":"English","Country":"USA, UK","Awards":"Won 2 Oscars. Another 81 wins & 57 nominations.","Poster":"https://m.media-amazon.com/images/M/MV5BNDJiZDgyZjctYmRjMS00ZjdkLTkwMTEtNGU1NDg3NDQ0Yzk1XkEyXkFqcGdeQXVyNzkwMjQ5NzM@._V1_SX300.jpg","Ratings":[{"Source":"Internet Movie Database","Value":"8.1/10"},{"Source":"Rotten Tomatoes","Value":"94%"},{"Source":"Metacritic","Value":"85/100"}],"Metascore":"85","imdbRating":"8.1","imdbVotes":"598,350","imdbID":"tt0116282","Type":"movie","DVD":"24 Jun 1997","BoxOffice":"N/A","Production":"Gramercy Pictures","Website":"N/A","Response":"True"}
